<?xml version="1.0" encoding="UTF-8"?>
<testng-results ignored="0" total="1" passed="1" failed="0" skipped="0">
  <reporter-output>
  </reporter-output>
  <suite started-at="2024-05-29T09:54:29Z" name="Default suite" finished-at="2024-05-29T09:54:35Z" duration-ms="5645">
    <groups>
      <group name="smokeTest">
        <method signature="RestaurantTest.addRestaurantandVerifyAllRestaurantTest()[pri:0, instance:com.grubhub.ofos.restaurantTest.RestaurantTest@1224144a]" name="addRestaurantandVerifyAllRestaurantTest" class="com.grubhub.ofos.restaurantTest.RestaurantTest"/>
      </group> <!-- smokeTest -->
    </groups>
    <test started-at="2024-05-29T09:54:29Z" name="Default test" finished-at="2024-05-29T09:54:35Z" duration-ms="5645">
      <class name="com.grubhub.ofos.restaurantTest.RestaurantTest">
        <test-method is-config="true" signature="configBS()[pri:0, instance:com.grubhub.ofos.restaurantTest.RestaurantTest@1224144a]" started-at="2024-05-29T09:54:29Z" name="configBS" finished-at="2024-05-29T09:54:29Z" duration-ms="7" status="PASS">
          <reporter-output>
          </reporter-output>
        </test-method> <!-- configBS -->
        <test-method is-config="true" signature="configBC()[pri:0, instance:com.grubhub.ofos.restaurantTest.RestaurantTest@1224144a]" started-at="2024-05-29T09:54:29Z" name="configBC" finished-at="2024-05-29T09:54:31Z" duration-ms="1433" status="PASS">
          <reporter-output>
          </reporter-output>
        </test-method> <!-- configBC -->
        <test-method is-config="true" signature="configBM()[pri:0, instance:com.grubhub.ofos.restaurantTest.RestaurantTest@1224144a]" started-at="2024-05-29T09:54:31Z" name="configBM" finished-at="2024-05-29T09:54:35Z" duration-ms="4194" status="PASS">
          <reporter-output>
          </reporter-output>
        </test-method> <!-- configBM -->
        <test-method signature="addRestaurantandVerifyAllRestaurantTest()[pri:0, instance:com.grubhub.ofos.restaurantTest.RestaurantTest@1224144a]" started-at="2024-05-29T09:54:35Z" name="addRestaurantandVerifyAllRestaurantTest" finished-at="2024-05-29T09:54:35Z" duration-ms="3" status="PASS">
          <reporter-output>
          </reporter-output>
        </test-method> <!-- addRestaurantandVerifyAllRestaurantTest -->
        <test-method is-config="true" signature="configAM()[pri:0, instance:com.grubhub.ofos.restaurantTest.RestaurantTest@1224144a]" started-at="2024-05-29T09:54:35Z" name="configAM" finished-at="2024-05-29T09:54:35Z" duration-ms="1" status="PASS">
          <reporter-output>
          </reporter-output>
        </test-method> <!-- configAM -->
        <test-method is-config="true" signature="configAC()[pri:0, instance:com.grubhub.ofos.restaurantTest.RestaurantTest@1224144a]" started-at="2024-05-29T09:54:35Z" name="configAC" finished-at="2024-05-29T09:54:35Z" duration-ms="0" status="PASS">
          <reporter-output>
          </reporter-output>
        </test-method> <!-- configAC -->
        <test-method is-config="true" signature="configAS()[pri:0, instance:com.grubhub.ofos.restaurantTest.RestaurantTest@1224144a]" started-at="2024-05-29T09:54:35Z" name="configAS" finished-at="2024-05-29T09:54:35Z" duration-ms="0" status="PASS">
          <reporter-output>
          </reporter-output>
        </test-method> <!-- configAS -->
      </class> <!-- com.grubhub.ofos.restaurantTest.RestaurantTest -->
    </test> <!-- Default test -->
  </suite> <!-- Default suite -->
</testng-results>
